

Microchip MPLAB XC8 Assembler V2.32 build 20210201212658 
                                                                                               Thu Jul 14 20:27:56 2022

Microchip MPLAB XC8 C Compiler v2.32 (Free license) build 20210201212658 Og1 
     1                           	processor	18F4620
     2                           	fnconf	rparam,??,?,0
     3                           	pagewidth 120
     4                           	opt	flic
     5                           	psect	cinit,global,reloc=2,class=CODE,delta=1
     6                           	psect	cstackCOMRAM,global,class=COMRAM,space=1,delta=1,lowdata,noexec
     7                           	psect	text0,global,reloc=2,class=CODE,delta=1
     8                           	psect	intsave_regs,global,class=BIGRAM,space=1,delta=1,noexec
     9                           	psect	rparam,global,class=COMRAM,space=1,delta=1,noexec
    10                           	psect	idloc,global,abs,ovrld,class=IDLOC,space=5,delta=1,noexec
    11                           	psect	config,global,abs,ovrld,class=CONFIG,space=4,delta=1,noexec
    12  0000                     
    13                           ; Version 2.20
    14                           ; Generated 12/02/2020 GMT
    15                           ; 
    16                           ; Copyright © 2020, Microchip Technology Inc. and its subsidiaries ("Microchip")
    17                           ; All rights reserved.
    18                           ; 
    19                           ; This software is developed by Microchip Technology Inc. and its subsidiaries ("Microch
      +                          ip").
    20                           ; 
    21                           ; Redistribution and use in source and binary forms, with or without modification, are
    22                           ; permitted provided that the following conditions are met:
    23                           ; 
    24                           ;     1. Redistributions of source code must retain the above copyright notice, this lis
      +                          t of
    25                           ;        conditions and the following disclaimer.
    26                           ; 
    27                           ;     2. Redistributions in binary form must reproduce the above copyright notice, this 
      +                          list
    28                           ;        of conditions and the following disclaimer in the documentation and/or other
    29                           ;        materials provided with the distribution.
    30                           ; 
    31                           ;     3. Microchip's name may not be used to endorse or promote products derived from th
      +                          is
    32                           ;        software without specific prior written permission.
    33                           ; 
    34                           ; THIS SOFTWARE IS PROVIDED BY MICROCHIP "AS IS" AND ANY EXPRESS OR IMPLIED WARRANTIES,
    35                           ; INCLUDING, BUT NOT LIMITED TO, THE IMPLIED WARRANTIES OF MERCHANTABILITY AND FITNESS F
      +                          OR
    36                           ; PURPOSE ARE DISCLAIMED.  IN NO EVENT SHALL MICROCHIP BE LIABLE FOR ANY DIRECT, INDIREC
      +                          T,
    37                           ; INCIDENTAL, SPECIAL, EXEMPLARY, OR CONSEQUENTIAL DAMAGES (INCLUDING BUT NOT LIMITED TO
    38                           ; PROCUREMENT OF SUBSTITUTE GOODS OR SERVICES; LOSS OF USE, DATA OR PROFITS; OR BUSINESS
    39                           ; INTERRUPTION) HOWSOEVER CAUSED AND ON ANY THEORY OF LIABILITY, WHETHER IN CONTRACT, ST
      +                          RICT
    40                           ; LIABILITY, OR TORT (INCLUDING NEGLIGENCE OR OTHERWISE) ARISING IN ANY WAY OUT OF THE U
      +                          SE OF
    41                           ; THIS SOFTWARE, EVEN IF ADVISED OF THE POSSIBILITY OF SUCH DAMAGE.
    42                           ; 
    43                           ; 
    44                           ; Code-generator required, PIC18F4620 Definitions
    45                           ; 
    46                           ; SFR Addresses
    47  0000                     _LATA	set	3977
    48                           
    49                           ; #config settings
    50                           
    51                           	psect	cinit
    52  00FFF2                     __pcinit:
    53                           	callstack 0
    54  00FFF2                     start_initialization:
    55                           	callstack 0
    56  00FFF2                     __initialization:
    57                           	callstack 0
    58  00FFF2                     end_of_initialization:
    59                           	callstack 0
    60  00FFF2                     __end_of__initialization:
    61                           	callstack 0
    62  00FFF2  0100               	movlb	0
    63  00FFF4  EFFC  F07F         	goto	_main	;jump to C main() function
    64                           
    65                           	psect	cstackCOMRAM
    66  000000                     __pcstackCOMRAM:
    67                           	callstack 0
    68  000000                     
    69                           ; 1 bytes @ 0x0
    70 ;;
    71 ;;Main: autosize = 0, tempsize = 0, incstack = 0, save=0
    72 ;;
    73 ;; *************** function _main *****************
    74 ;; Defined at:
    75 ;;		line 11 in file "newmain.c"
    76 ;; Parameters:    Size  Location     Type
    77 ;;		None
    78 ;; Auto vars:     Size  Location     Type
    79 ;;		None
    80 ;; Return value:  Size  Location     Type
    81 ;;                  1    wreg      void 
    82 ;; Registers used:
    83 ;;		wreg, status,2
    84 ;; Tracked objects:
    85 ;;		On entry : 0/0
    86 ;;		On exit  : 0/0
    87 ;;		Unchanged: 0/0
    88 ;; Data sizes:     COMRAM   BANK0   BANK1   BANK2   BANK3   BANK4   BANK5   BANK6   BANK7   BANK8   BANK9  BANK10  BANK1
      +1  BANK12  BANK13  BANK14  BANK15
    89 ;;      Params:         0       0       0       0       0       0       0       0       0       0       0       0       
      +0       0       0       0       0
    90 ;;      Locals:         0       0       0       0       0       0       0       0       0       0       0       0       
      +0       0       0       0       0
    91 ;;      Temps:          0       0       0       0       0       0       0       0       0       0       0       0       
      +0       0       0       0       0
    92 ;;      Totals:         0       0       0       0       0       0       0       0       0       0       0       0       
      +0       0       0       0       0
    93 ;;Total ram usage:        0 bytes
    94 ;; This function calls:
    95 ;;		Nothing
    96 ;; This function is called by:
    97 ;;		Startup code after reset
    98 ;; This function uses a non-reentrant model
    99 ;;
   100                           
   101                           	psect	text0
   102  00FFF8                     __ptext0:
   103                           	callstack 0
   104  00FFF8                     _main:
   105                           	callstack 31
   106  00FFF8                     
   107                           ;newmain.c: 12:     LATA = 0b10101010;
   108  00FFF8  0EAA               	movlw	170
   109  00FFFA  6E89               	movwf	137,c	;volatile
   110  00FFFC  EF00  F000         	goto	start
   111  010000                     __end_of_main:
   112                           	callstack 0
   113  0000                     
   114                           	psect	rparam
   115  0000                     
   116                           	psect	idloc
   117                           
   118                           ;Config register IDLOC0 @ 0x200000
   119                           ;	unspecified, using default values
   120  200000                     	org	2097152
   121  200000  FF                 	db	255
   122                           
   123                           ;Config register IDLOC1 @ 0x200001
   124                           ;	unspecified, using default values
   125  200001                     	org	2097153
   126  200001  FF                 	db	255
   127                           
   128                           ;Config register IDLOC2 @ 0x200002
   129                           ;	unspecified, using default values
   130  200002                     	org	2097154
   131  200002  FF                 	db	255
   132                           
   133                           ;Config register IDLOC3 @ 0x200003
   134                           ;	unspecified, using default values
   135  200003                     	org	2097155
   136  200003  FF                 	db	255
   137                           
   138                           ;Config register IDLOC4 @ 0x200004
   139                           ;	unspecified, using default values
   140  200004                     	org	2097156
   141  200004  FF                 	db	255
   142                           
   143                           ;Config register IDLOC5 @ 0x200005
   144                           ;	unspecified, using default values
   145  200005                     	org	2097157
   146  200005  FF                 	db	255
   147                           
   148                           ;Config register IDLOC6 @ 0x200006
   149                           ;	unspecified, using default values
   150  200006                     	org	2097158
   151  200006  FF                 	db	255
   152                           
   153                           ;Config register IDLOC7 @ 0x200007
   154                           ;	unspecified, using default values
   155  200007                     	org	2097159
   156  200007  FF                 	db	255
   157                           
   158                           	psect	config
   159                           
   160                           ; Padding undefined space
   161  300000                     	org	3145728
   162  300000  FF                 	db	255
   163                           
   164                           ;Config register CONFIG1H @ 0x300001
   165                           ;	unspecified, using default values
   166                           ;	Oscillator Selection bits
   167                           ;	OSC = 0x7, unprogrammed default
   168                           ;	Fail-Safe Clock Monitor Enable bit
   169                           ;	FCMEN = 0x0, unprogrammed default
   170                           ;	Internal/External Oscillator Switchover bit
   171                           ;	IESO = 0x0, unprogrammed default
   172  300001                     	org	3145729
   173  300001  07                 	db	7
   174                           
   175                           ;Config register CONFIG2L @ 0x300002
   176                           ;	unspecified, using default values
   177                           ;	Power-up Timer Enable bit
   178                           ;	PWRT = 0x1, unprogrammed default
   179                           ;	Brown-out Reset Enable bits
   180                           ;	BOREN = 0x3, unprogrammed default
   181                           ;	Brown Out Reset Voltage bits
   182                           ;	BORV = 0x3, unprogrammed default
   183  300002                     	org	3145730
   184  300002  1F                 	db	31
   185                           
   186                           ;Config register CONFIG2H @ 0x300003
   187                           ;	unspecified, using default values
   188                           ;	Watchdog Timer Enable bit
   189                           ;	WDT = 0x1, unprogrammed default
   190                           ;	Watchdog Timer Postscale Select bits
   191                           ;	WDTPS = 0xF, unprogrammed default
   192  300003                     	org	3145731
   193  300003  1F                 	db	31
   194                           
   195                           ; Padding undefined space
   196  300004                     	org	3145732
   197  300004  FF                 	db	255
   198                           
   199                           ;Config register CONFIG3H @ 0x300005
   200                           ;	unspecified, using default values
   201                           ;	CCP2 MUX bit
   202                           ;	CCP2MX = 0x1, unprogrammed default
   203                           ;	PORTB A/D Enable bit
   204                           ;	PBADEN = 0x1, unprogrammed default
   205                           ;	Low-Power Timer1 Oscillator Enable bit
   206                           ;	LPT1OSC = 0x0, unprogrammed default
   207                           ;	MCLR Pin Enable bit
   208                           ;	MCLRE = 0x1, unprogrammed default
   209  300005                     	org	3145733
   210  300005  83                 	db	131
   211                           
   212                           ;Config register CONFIG4L @ 0x300006
   213                           ;	unspecified, using default values
   214                           ;	Stack Full/Underflow Reset Enable bit
   215                           ;	STVREN = 0x1, unprogrammed default
   216                           ;	Single-Supply ICSP Enable bit
   217                           ;	LVP = 0x1, unprogrammed default
   218                           ;	Extended Instruction Set Enable bit
   219                           ;	XINST = 0x0, unprogrammed default
   220                           ;	Background Debugger Enable bit
   221                           ;	DEBUG = 0x1, unprogrammed default
   222  300006                     	org	3145734
   223  300006  85                 	db	133
   224                           
   225                           ; Padding undefined space
   226  300007                     	org	3145735
   227  300007  FF                 	db	255
   228                           
   229                           ;Config register CONFIG5L @ 0x300008
   230                           ;	unspecified, using default values
   231                           ;	Code Protection bit
   232                           ;	CP0 = 0x1, unprogrammed default
   233                           ;	Code Protection bit
   234                           ;	CP1 = 0x1, unprogrammed default
   235                           ;	Code Protection bit
   236                           ;	CP2 = 0x1, unprogrammed default
   237                           ;	Code Protection bit
   238                           ;	CP3 = 0x1, unprogrammed default
   239  300008                     	org	3145736
   240  300008  0F                 	db	15
   241                           
   242                           ;Config register CONFIG5H @ 0x300009
   243                           ;	unspecified, using default values
   244                           ;	Boot Block Code Protection bit
   245                           ;	CPB = 0x1, unprogrammed default
   246                           ;	Data EEPROM Code Protection bit
   247                           ;	CPD = 0x1, unprogrammed default
   248  300009                     	org	3145737
   249  300009  C0                 	db	192
   250                           
   251                           ;Config register CONFIG6L @ 0x30000A
   252                           ;	unspecified, using default values
   253                           ;	Write Protection bit
   254                           ;	WRT0 = 0x1, unprogrammed default
   255                           ;	Write Protection bit
   256                           ;	WRT1 = 0x1, unprogrammed default
   257                           ;	Write Protection bit
   258                           ;	WRT2 = 0x1, unprogrammed default
   259                           ;	Write Protection bit
   260                           ;	WRT3 = 0x1, unprogrammed default
   261  30000A                     	org	3145738
   262  30000A  0F                 	db	15
   263                           
   264                           ;Config register CONFIG6H @ 0x30000B
   265                           ;	unspecified, using default values
   266                           ;	Configuration Register Write Protection bit
   267                           ;	WRTC = 0x1, unprogrammed default
   268                           ;	Boot Block Write Protection bit
   269                           ;	WRTB = 0x1, unprogrammed default
   270                           ;	Data EEPROM Write Protection bit
   271                           ;	WRTD = 0x1, unprogrammed default
   272  30000B                     	org	3145739
   273  30000B  E0                 	db	224
   274                           
   275                           ;Config register CONFIG7L @ 0x30000C
   276                           ;	unspecified, using default values
   277                           ;	Table Read Protection bit
   278                           ;	EBTR0 = 0x1, unprogrammed default
   279                           ;	Table Read Protection bit
   280                           ;	EBTR1 = 0x1, unprogrammed default
   281                           ;	Table Read Protection bit
   282                           ;	EBTR2 = 0x1, unprogrammed default
   283                           ;	Table Read Protection bit
   284                           ;	EBTR3 = 0x1, unprogrammed default
   285  30000C                     	org	3145740
   286  30000C  0F                 	db	15
   287                           
   288                           ;Config register CONFIG7H @ 0x30000D
   289                           ;	unspecified, using default values
   290                           ;	Boot Block Table Read Protection bit
   291                           ;	EBTRB = 0x1, unprogrammed default
   292  30000D                     	org	3145741
   293  30000D  40                 	db	64
   294                           tosu	equ	0xFFF
   295                           tosh	equ	0xFFE
   296                           tosl	equ	0xFFD
   297                           stkptr	equ	0xFFC
   298                           pclatu	equ	0xFFB
   299                           pclath	equ	0xFFA
   300                           pcl	equ	0xFF9
   301                           tblptru	equ	0xFF8
   302                           tblptrh	equ	0xFF7
   303                           tblptrl	equ	0xFF6
   304                           tablat	equ	0xFF5
   305                           prodh	equ	0xFF4
   306                           prodl	equ	0xFF3
   307                           indf0	equ	0xFEF
   308                           postinc0	equ	0xFEE
   309                           postdec0	equ	0xFED
   310                           preinc0	equ	0xFEC
   311                           plusw0	equ	0xFEB
   312                           fsr0h	equ	0xFEA
   313                           fsr0l	equ	0xFE9
   314                           wreg	equ	0xFE8
   315                           indf1	equ	0xFE7
   316                           postinc1	equ	0xFE6
   317                           postdec1	equ	0xFE5
   318                           preinc1	equ	0xFE4
   319                           plusw1	equ	0xFE3
   320                           fsr1h	equ	0xFE2
   321                           fsr1l	equ	0xFE1
   322                           bsr	equ	0xFE0
   323                           indf2	equ	0xFDF
   324                           postinc2	equ	0xFDE
   325                           postdec2	equ	0xFDD
   326                           preinc2	equ	0xFDC
   327                           plusw2	equ	0xFDB
   328                           fsr2h	equ	0xFDA
   329                           fsr2l	equ	0xFD9
   330                           status	equ	0xFD8

Data Sizes:
    Strings     0
    Constant    0
    Data        0
    BSS         0
    Persistent  0
    Stack       0

Auto Spaces:
    Space          Size  Autos    Used
    COMRAM          127      0       0
    BANK0           128      0       0
    BANK1           256      0       0
    BANK2           256      0       0
    BANK3           256      0       0
    BANK4           256      0       0
    BANK5           256      0       0
    BANK6           256      0       0
    BANK7           256      0       0
    BANK8           256      0       0
    BANK9           256      0       0
    BANK10          256      0       0
    BANK11          256      0       0
    BANK12          256      0       0
    BANK13          256      0       0
    BANK14          256      0       0
    BANK15          128      0       0

Pointer List with Targets:

    None.

Critical Paths under _main in COMRAM

    None.

Critical Paths under _main in BANK0

    None.

Critical Paths under _main in BANK1

    None.

Critical Paths under _main in BANK2

    None.

Critical Paths under _main in BANK3

    None.

Critical Paths under _main in BANK4

    None.

Critical Paths under _main in BANK5

    None.

Critical Paths under _main in BANK6

    None.

Critical Paths under _main in BANK7

    None.

Critical Paths under _main in BANK8

    None.

Critical Paths under _main in BANK9

    None.

Critical Paths under _main in BANK10

    None.

Critical Paths under _main in BANK11

    None.

Critical Paths under _main in BANK12

    None.

Critical Paths under _main in BANK13

    None.

Critical Paths under _main in BANK14

    None.

Critical Paths under _main in BANK15

    None.

Call Graph Tables:

 ---------------------------------------------------------------------------------
 (Depth) Function   	        Calls       Base Space   Used Autos Params    Refs
 ---------------------------------------------------------------------------------
 (0) _main                                                 0     0      0       0
 ---------------------------------------------------------------------------------
 Estimated maximum stack depth 0
 ---------------------------------------------------------------------------------

 Call Graph Graphs:

 _main (ROOT)

 Address spaces:
Name               Size   Autos  Total    Cost      Usage
BITCOMRAM           7F      0       0       0        0.0%
EEDATA             400      0       0       0        0.0%
NULL                 0      0       0       0        0.0%
CODE                 0      0       0       0        0.0%
COMRAM              7F      0       0       1        0.0%
STACK                0      0       0       2        0.0%
DATA                 0      0       0       3        0.0%
BITBANK0            80      0       0       4        0.0%
BANK0               80      0       0       5        0.0%
BITBANK1           100      0       0       6        0.0%
BANK1              100      0       0       7        0.0%
BITBANK2           100      0       0       8        0.0%
BANK2              100      0       0       9        0.0%
BITBANK3           100      0       0      10        0.0%
BANK3              100      0       0      11        0.0%
BITBANK4           100      0       0      12        0.0%
BANK4              100      0       0      13        0.0%
BITBANK5           100      0       0      14        0.0%
BANK5              100      0       0      15        0.0%
BITBANK6           100      0       0      16        0.0%
BANK6              100      0       0      17        0.0%
BITBANK7           100      0       0      18        0.0%
BANK7              100      0       0      19        0.0%
BITBANK8           100      0       0      20        0.0%
BANK8              100      0       0      21        0.0%
BITBANK9           100      0       0      22        0.0%
BANK9              100      0       0      23        0.0%
BITBANK10          100      0       0      24        0.0%
BANK10             100      0       0      25        0.0%
BITBANK11          100      0       0      26        0.0%
BANK11             100      0       0      27        0.0%
BITBANK12          100      0       0      28        0.0%
BANK12             100      0       0      29        0.0%
BITBANK13          100      0       0      30        0.0%
BANK13             100      0       0      31        0.0%
BITBANK14          100      0       0      32        0.0%
BANK14             100      0       0      33        0.0%
ABS                  0      0       0      34        0.0%
BITBANK15           80      0       0      35        0.0%
BANK15              80      0       0      36        0.0%
BIGRAM             F7F      0       0      37        0.0%
BITSFR               0      0       0     200        0.0%
SFR                  0      0       0     200        0.0%


Microchip Technology PIC18 Macro Assembler V2.32 build 20210201212658 
Symbol Table                                                                                   Thu Jul 14 20:27:56 2022

                      l7 FFFC                      l683 FFF8                     _LATA 000F89  
                   _main FFF8                     start 0000             ___param_bank 000000  
                  ?_main 0000          __initialization FFF2             __end_of_main 0000  
                 ??_main 0000            __activetblptr 000000                   isa$std 000001  
             __accesstop 0080  __end_of__initialization FFF2            ___rparam_used 000001  
         __pcstackCOMRAM 0000                  __Hparam 0000                  __Lparam 0000  
                __pcinit FFF2                  __ramtop 1000                  __ptext0 FFF8  
   end_of_initialization FFF2      start_initialization FFF2                 __Hrparam 0000  
               __Lrparam 0000            __size_of_main 0008                 isa$xinst 000000  
